2014-11-16 17:04:57,017 [1] Cafe.GitGuiPlatform.Exceptions.ExceptionPolicy - An unexpected exception was caught.
System.NotSupportedException: 此应用程序类型不支持 Restart 方法。
   在 System.Windows.Forms.Application.Restart()
   在 Cafe.GitGuiPlatform.ViewModels.WelcomeViewModel.OnClickQuitDemoCommand() 位置 e:\workspaces\Demo Project\Client\GitGuiPlatform\ViewModels\WelcomeViewModel.cs:行号 74
   在 Augmentum.XGenos.Commands.DelegateCommand.<>c__DisplayClass6.<.ctor>b__2(Object o) 位置 d:\Works\X.Genos\XGenos_0.0.0.1_upgrade_to_1.7\src\XGenos.Desktop\Commands\DelegateCommand.cs:行号 131
   在 Augmentum.XGenos.Commands.DelegateCommandBase.Execute(Object parameter) 位置 d:\Works\X.Genos\XGenos_0.0.0.1_upgrade_to_1.7\src\XGenos.Desktop\Commands\DelegateCommandBase.cs:行号 120
   在 Augmentum.XGenos.Commands.DelegateCommandBase.System.Windows.Input.ICommand.Execute(Object parameter) 位置 d:\Works\X.Genos\XGenos_0.0.0.1_upgrade_to_1.7\src\XGenos.Desktop\Commands\DelegateCommandBase.cs:行号 106
   在 MS.Internal.Commands.CommandHelpers.CriticalExecuteCommandSource(ICommandSource commandSource, Boolean userInitiated)
   在 MS.Internal.Commands.CommandHelpers.ExecuteCommandSource(ICommandSource commandSource)
   在 System.Windows.Controls.Primitives.ButtonBase.OnClick()
   在 System.Windows.Controls.Button.OnClick()
   在 System.Windows.Controls.Primitives.ButtonBase.OnMouseLeftButtonUp(MouseButtonEventArgs e)
   在 System.Windows.UIElement.OnMouseLeftButtonUpThunk(Object sender, MouseButtonEventArgs e)
   在 System.Windows.Input.MouseButtonEventArgs.InvokeEventHandler(Delegate genericHandler, Object genericTarget)
   在 System.Windows.RoutedEventArgs.InvokeHandler(Delegate handler, Object target)
   在 System.Windows.RoutedEventHandlerInfo.InvokeHandler(Object target, RoutedEventArgs routedEventArgs)
   在 System.Windows.RouteItem.InvokeHandler(RoutedEventArgs routedEventArgs)
   在 System.Windows.EventRoute.InvokeHandlersImpl(Object source, RoutedEventArgs args, Boolean reRaised)
   在 System.Windows.EventRoute.ReInvokeHandlers(Object source, RoutedEventArgs args)
   在 System.Windows.UIElement.ReRaiseEventAs(DependencyObject sender, RoutedEventArgs args, RoutedEvent newEvent)
   在 System.Windows.UIElement.CrackMouseButtonEventAndReRaiseEvent(DependencyObject sender, MouseButtonEventArgs e)
   在 System.Windows.UIElement.OnMouseUpThunk(Object sender, MouseButtonEventArgs e)
   在 System.Windows.Input.MouseButtonEventArgs.InvokeEventHandler(Delegate genericHandler, Object genericTarget)
   在 System.Windows.RoutedEventArgs.InvokeHandler(Delegate handler, Object target)
   在 System.Windows.RoutedEventHandlerInfo.InvokeHandler(Object target, RoutedEventArgs routedEventArgs)
   在 System.Windows.RouteItem.InvokeHandler(RoutedEventArgs routedEventArgs)
   在 System.Windows.EventRoute.InvokeHandlersImpl(Object source, RoutedEventArgs args, Boolean reRaised)
   在 System.Windows.EventRoute.InvokeHandlers(Object source, RoutedEventArgs args)
   在 System.Windows.UIElement.RaiseEventImpl(DependencyObject sender, RoutedEventArgs args)
   在 System.Windows.UIElement.RaiseTrustedEvent(RoutedEventArgs args)
   在 System.Windows.UIElement.RaiseEvent(RoutedEventArgs args, Boolean trusted)
   在 System.Windows.Input.InputManager.ProcessStagingArea()
   在 System.Windows.Input.InputManager.ProcessInput(InputEventArgs input)
   在 System.Windows.Input.InputProviderSite.ReportInput(InputReport inputReport)
   在 System.Windows.Interop.HwndMouseInputProvider.ReportInput(IntPtr hwnd, InputMode mode, Int32 timestamp, RawMouseActions actions, Int32 x, Int32 y, Int32 wheel)
   在 System.Windows.Interop.HwndMouseInputProvider.FilterMessage(IntPtr hwnd, WindowMessage msg, IntPtr wParam, IntPtr lParam, Boolean& handled)
   在 System.Windows.Interop.HwndSource.InputFilterMessage(IntPtr hwnd, Int32 msg, IntPtr wParam, IntPtr lParam, Boolean& handled)
   在 MS.Win32.HwndWrapper.WndProc(IntPtr hwnd, Int32 msg, IntPtr wParam, IntPtr lParam, Boolean& handled)
   在 MS.Win32.HwndSubclass.DispatcherCallbackOperation(Object o)
   在 System.Windows.Threading.ExceptionWrapper.InternalRealCall(Delegate callback, Object args, Int32 numArgs)
   在 MS.Internal.Threading.ExceptionFilterHelper.TryCatchWhen(Object source, Delegate method, Object args, Int32 numArgs, Delegate catchHandler)
