2014-11-08 18:13:53,076 [1] Augmentum.XGenos.Environment.DefaultXGenosHost - A tenant could not be started: Default
Autofac.Core.DependencyResolutionException: None of the constructors found with 'Augmentum.XGenos.Environment.AutofacUtil.DynamicProxy2.ConstructorFinderWrapper' on type 'Cafe.GitGuiPlatform.Exceptions.ExceptionPolicy' can be invoked with the available services and parameters:
Cannot resolve parameter 'Cafe.GitGuiPlatform.Exceptions.IExceptionHandler exceptionHandler' of constructor 'Void .ctor(Cafe.GitGuiPlatform.Exceptions.IExceptionHandler)'.
   在 Autofac.Core.Activators.Reflection.ReflectionActivator.ActivateInstance(IComponentContext context, IEnumerable`1 parameters)
   在 Autofac.Core.Resolving.InstanceLookup.Activate(IEnumerable`1 parameters)
   在 Autofac.Core.Resolving.InstanceLookup.<Execute>b__0()
   在 Autofac.Core.Lifetime.LifetimeScope.GetOrCreateAndShare(Guid id, Func`1 creator)
   在 Autofac.Core.Resolving.InstanceLookup.Execute()
   在 Autofac.Core.Resolving.ResolveOperation.GetOrCreateInstance(ISharingLifetimeScope currentOperationScope, IComponentRegistration registration, IEnumerable`1 parameters)
   在 Autofac.Core.Resolving.InstanceLookup.ResolveComponent(IComponentRegistration registration, IEnumerable`1 parameters)
   在 Autofac.Core.Activators.Reflection.AutowiringParameter.<>c__DisplayClass2.<CanSupplyValue>b__0()
   在 Autofac.Core.Activators.Reflection.ConstructorParameterBinding.Instantiate()
   在 Autofac.Core.Activators.Reflection.ReflectionActivator.ActivateInstance(IComponentContext context, IEnumerable`1 parameters)
   在 Autofac.Core.Resolving.InstanceLookup.Activate(IEnumerable`1 parameters)
   在 Autofac.Core.Resolving.InstanceLookup.<Execute>b__0()
   在 Autofac.Core.Lifetime.LifetimeScope.GetOrCreateAndShare(Guid id, Func`1 creator)
   在 Autofac.Core.Resolving.InstanceLookup.Execute()
   在 Autofac.Core.Resolving.ResolveOperation.GetOrCreateInstance(ISharingLifetimeScope currentOperationScope, IComponentRegistration registration, IEnumerable`1 parameters)
   在 Autofac.Core.Resolving.InstanceLookup.ResolveComponent(IComponentRegistration registration, IEnumerable`1 parameters)
   在 Autofac.ResolutionExtensions.TryResolveService(IComponentContext context, Service service, IEnumerable`1 parameters, Object& instance)
   在 Autofac.ResolutionExtensions.ResolveService(IComponentContext context, Service service, IEnumerable`1 parameters)
   在 Autofac.ResolutionExtensions.Resolve(IComponentContext context, Type serviceType, IEnumerable`1 parameters)
   在 Autofac.ResolutionExtensions.Resolve[TService](IComponentContext context, IEnumerable`1 parameters)
   在 Autofac.ResolutionExtensions.Resolve[TService](IComponentContext context)
   在 Augmentum.XGenos.Events.EventsRegistrationSource.<>c__DisplayClass1.<RegistrationsFor>b__0(IComponentContext ctx, IEnumerable`1 parameters) 位置 d:\Works\X.Genos\XGenos_0.0.0.1_upgrade_to_1.7\src\XGenos\Events\EventsRegistrationSource.cs:行号 38
   在 Autofac.Builder.RegistrationBuilder.<>c__DisplayClass1`1.<ForDelegate>b__0(IComponentContext c, IEnumerable`1 p)
   在 Autofac.Core.Activators.Delegate.DelegateActivator.ActivateInstance(IComponentContext context, IEnumerable`1 parameters)
   在 Autofac.Core.Resolving.InstanceLookup.Activate(IEnumerable`1 parameters)
   在 Autofac.Core.Resolving.InstanceLookup.Execute()
   在 Autofac.Core.Resolving.ResolveOperation.GetOrCreateInstance(ISharingLifetimeScope currentOperationScope, IComponentRegistration registration, IEnumerable`1 parameters)
   在 Autofac.Core.Resolving.InstanceLookup.ResolveComponent(IComponentRegistration registration, IEnumerable`1 parameters)
   在 Autofac.Core.Registration.ExternalRegistrySource.<>c__DisplayClass8.<RegistrationsFor>b__3(IComponentContext c, IEnumerable`1 p)
   在 Autofac.Core.Activators.Delegate.DelegateActivator.ActivateInstance(IComponentContext context, IEnumerable`1 parameters)
   在 Autofac.Core.Resolving.InstanceLookup.Activate(IEnumerable`1 parameters)
   在 Autofac.Core.Resolving.InstanceLookup.Execute()
   在 Autofac.Core.Resolving.ResolveOperation.GetOrCreateInstance(ISharingLifetimeScope currentOperationScope, IComponentRegistration registration, IEnumerable`1 parameters)
   在 Autofac.Core.Resolving.ResolveOperation.ResolveComponent(IComponentRegistration registration, IEnumerable`1 parameters)
   在 Autofac.Core.Resolving.ResolveOperation.Execute(IComponentRegistration registration, IEnumerable`1 parameters)
   在 Autofac.Core.Lifetime.LifetimeScope.ResolveComponent(IComponentRegistration registration, IEnumerable`1 parameters)
   在 Autofac.Features.OwnedInstances.OwnedInstanceRegistrationSource.<>c__DisplayClass2.<>c__DisplayClass4.<RegistrationsFor>b__1(IComponentContext c, IEnumerable`1 p)
   在 Autofac.Core.Activators.Delegate.DelegateActivator.ActivateInstance(IComponentContext context, IEnumerable`1 parameters)
   在 Autofac.Core.Resolving.InstanceLookup.Activate(IEnumerable`1 parameters)
   在 Autofac.Core.Resolving.InstanceLookup.Execute()
   在 Autofac.Core.Resolving.ResolveOperation.GetOrCreateInstance(ISharingLifetimeScope currentOperationScope, IComponentRegistration registration, IEnumerable`1 parameters)
   在 Autofac.Core.Resolving.ResolveOperation.ResolveComponent(IComponentRegistration registration, IEnumerable`1 parameters)
   在 Autofac.Core.Resolving.ResolveOperation.Execute(IComponentRegistration registration, IEnumerable`1 parameters)
   在 Autofac.Core.Lifetime.LifetimeScope.ResolveComponent(IComponentRegistration registration, IEnumerable`1 parameters)
   在 lambda_method(Closure )
   在 Augmentum.XGenos.Environment.DesktopDefaultXGenosShell.Activate() 位置 d:\Works\X.Genos\XGenos_0.0.0.1_upgrade_to_1.7\src\XGenos.Desktop\Environment\DefaultXGenosShell.cs:行号 23
   在 Augmentum.XGenos.Environment.DefaultXGenosHost.ActivateShell(ShellContext context) 位置 d:\Works\X.Genos\XGenos_0.0.0.1_upgrade_to_1.7\src\XGenos\Environment\DefaultXGenosHost.cs:行号 155
   在 Augmentum.XGenos.Environment.DefaultXGenosHost.CreateAndActivateShells() 位置 d:\Works\X.Genos\XGenos_0.0.0.1_upgrade_to_1.7\src\XGenos\Environment\DefaultXGenosHost.cs:行号 134
2014-11-08 18:13:54,984 [1] Augmentum.XGenos.Environment.DefaultXGenosHost - A tenant could not be started: Default
Autofac.Core.DependencyResolutionException: None of the constructors found with 'Augmentum.XGenos.Environment.AutofacUtil.DynamicProxy2.ConstructorFinderWrapper' on type 'Cafe.GitGuiPlatform.Exceptions.ExceptionPolicy' can be invoked with the available services and parameters:
Cannot resolve parameter 'Cafe.GitGuiPlatform.Exceptions.IExceptionHandler exceptionHandler' of constructor 'Void .ctor(Cafe.GitGuiPlatform.Exceptions.IExceptionHandler)'.
   在 Autofac.Core.Activators.Reflection.ReflectionActivator.ActivateInstance(IComponentContext context, IEnumerable`1 parameters)
   在 Autofac.Core.Resolving.InstanceLookup.Activate(IEnumerable`1 parameters)
   在 Autofac.Core.Resolving.InstanceLookup.<Execute>b__0()
   在 Autofac.Core.Lifetime.LifetimeScope.GetOrCreateAndShare(Guid id, Func`1 creator)
   在 Autofac.Core.Resolving.InstanceLookup.Execute()
   在 Autofac.Core.Resolving.ResolveOperation.GetOrCreateInstance(ISharingLifetimeScope currentOperationScope, IComponentRegistration registration, IEnumerable`1 parameters)
   在 Autofac.Core.Resolving.InstanceLookup.ResolveComponent(IComponentRegistration registration, IEnumerable`1 parameters)
   在 Autofac.Core.Activators.Reflection.AutowiringParameter.<>c__DisplayClass2.<CanSupplyValue>b__0()
   在 Autofac.Core.Activators.Reflection.ConstructorParameterBinding.Instantiate()
   在 Autofac.Core.Activators.Reflection.ReflectionActivator.ActivateInstance(IComponentContext context, IEnumerable`1 parameters)
   在 Autofac.Core.Resolving.InstanceLookup.Activate(IEnumerable`1 parameters)
   在 Autofac.Core.Resolving.InstanceLookup.<Execute>b__0()
   在 Autofac.Core.Lifetime.LifetimeScope.GetOrCreateAndShare(Guid id, Func`1 creator)
   在 Autofac.Core.Resolving.InstanceLookup.Execute()
   在 Autofac.Core.Resolving.ResolveOperation.GetOrCreateInstance(ISharingLifetimeScope currentOperationScope, IComponentRegistration registration, IEnumerable`1 parameters)
   在 Autofac.Core.Resolving.InstanceLookup.ResolveComponent(IComponentRegistration registration, IEnumerable`1 parameters)
   在 Autofac.ResolutionExtensions.TryResolveService(IComponentContext context, Service service, IEnumerable`1 parameters, Object& instance)
   在 Autofac.ResolutionExtensions.ResolveService(IComponentContext context, Service service, IEnumerable`1 parameters)
   在 Autofac.ResolutionExtensions.Resolve(IComponentContext context, Type serviceType, IEnumerable`1 parameters)
   在 Autofac.ResolutionExtensions.Resolve[TService](IComponentContext context, IEnumerable`1 parameters)
   在 Autofac.ResolutionExtensions.Resolve[TService](IComponentContext context)
   在 Augmentum.XGenos.Events.EventsRegistrationSource.<>c__DisplayClass1.<RegistrationsFor>b__0(IComponentContext ctx, IEnumerable`1 parameters) 位置 d:\Works\X.Genos\XGenos_0.0.0.1_upgrade_to_1.7\src\XGenos\Events\EventsRegistrationSource.cs:行号 38
   在 Autofac.Builder.RegistrationBuilder.<>c__DisplayClass1`1.<ForDelegate>b__0(IComponentContext c, IEnumerable`1 p)
   在 Autofac.Core.Activators.Delegate.DelegateActivator.ActivateInstance(IComponentContext context, IEnumerable`1 parameters)
   在 Autofac.Core.Resolving.InstanceLookup.Activate(IEnumerable`1 parameters)
   在 Autofac.Core.Resolving.InstanceLookup.Execute()
   在 Autofac.Core.Resolving.ResolveOperation.GetOrCreateInstance(ISharingLifetimeScope currentOperationScope, IComponentRegistration registration, IEnumerable`1 parameters)
   在 Autofac.Core.Resolving.InstanceLookup.ResolveComponent(IComponentRegistration registration, IEnumerable`1 parameters)
   在 Autofac.Core.Registration.ExternalRegistrySource.<>c__DisplayClass8.<RegistrationsFor>b__3(IComponentContext c, IEnumerable`1 p)
   在 Autofac.Core.Activators.Delegate.DelegateActivator.ActivateInstance(IComponentContext context, IEnumerable`1 parameters)
   在 Autofac.Core.Resolving.InstanceLookup.Activate(IEnumerable`1 parameters)
   在 Autofac.Core.Resolving.InstanceLookup.Execute()
   在 Autofac.Core.Resolving.ResolveOperation.GetOrCreateInstance(ISharingLifetimeScope currentOperationScope, IComponentRegistration registration, IEnumerable`1 parameters)
   在 Autofac.Core.Resolving.ResolveOperation.ResolveComponent(IComponentRegistration registration, IEnumerable`1 parameters)
   在 Autofac.Core.Resolving.ResolveOperation.Execute(IComponentRegistration registration, IEnumerable`1 parameters)
   在 Autofac.Core.Lifetime.LifetimeScope.ResolveComponent(IComponentRegistration registration, IEnumerable`1 parameters)
   在 Autofac.Features.OwnedInstances.OwnedInstanceRegistrationSource.<>c__DisplayClass2.<>c__DisplayClass4.<RegistrationsFor>b__1(IComponentContext c, IEnumerable`1 p)
   在 Autofac.Core.Activators.Delegate.DelegateActivator.ActivateInstance(IComponentContext context, IEnumerable`1 parameters)
   在 Autofac.Core.Resolving.InstanceLookup.Activate(IEnumerable`1 parameters)
   在 Autofac.Core.Resolving.InstanceLookup.Execute()
   在 Autofac.Core.Resolving.ResolveOperation.GetOrCreateInstance(ISharingLifetimeScope currentOperationScope, IComponentRegistration registration, IEnumerable`1 parameters)
   在 Autofac.Core.Resolving.ResolveOperation.ResolveComponent(IComponentRegistration registration, IEnumerable`1 parameters)
   在 Autofac.Core.Resolving.ResolveOperation.Execute(IComponentRegistration registration, IEnumerable`1 parameters)
   在 Autofac.Core.Lifetime.LifetimeScope.ResolveComponent(IComponentRegistration registration, IEnumerable`1 parameters)
   在 lambda_method(Closure )
   在 Augmentum.XGenos.Environment.DesktopDefaultXGenosShell.Activate() 位置 d:\Works\X.Genos\XGenos_0.0.0.1_upgrade_to_1.7\src\XGenos.Desktop\Environment\DefaultXGenosShell.cs:行号 23
   在 Augmentum.XGenos.Environment.DefaultXGenosHost.ActivateShell(ShellContext context) 位置 d:\Works\X.Genos\XGenos_0.0.0.1_upgrade_to_1.7\src\XGenos\Environment\DefaultXGenosHost.cs:行号 155
   在 Augmentum.XGenos.Environment.DefaultXGenosHost.CreateAndActivateShells() 位置 d:\Works\X.Genos\XGenos_0.0.0.1_upgrade_to_1.7\src\XGenos\Environment\DefaultXGenosHost.cs:行号 134
2014-11-08 18:17:39,678 [1] Augmentum.XGenos.Environment.DefaultXGenosHost - A tenant could not be started: Default
Autofac.Core.DependencyResolutionException: None of the constructors found with 'Augmentum.XGenos.Environment.AutofacUtil.DynamicProxy2.ConstructorFinderWrapper' on type 'Cafe.GitGuiPlatform.Exceptions.ExceptionPolicy' can be invoked with the available services and parameters:
Cannot resolve parameter 'Cafe.GitGuiPlatform.Exceptions.IExceptionHandler exceptionHandler' of constructor 'Void .ctor(Cafe.GitGuiPlatform.Exceptions.IExceptionHandler)'.
   在 Autofac.Core.Activators.Reflection.ReflectionActivator.ActivateInstance(IComponentContext context, IEnumerable`1 parameters)
   在 Autofac.Core.Resolving.InstanceLookup.Activate(IEnumerable`1 parameters)
   在 Autofac.Core.Resolving.InstanceLookup.<Execute>b__0()
   在 Autofac.Core.Lifetime.LifetimeScope.GetOrCreateAndShare(Guid id, Func`1 creator)
   在 Autofac.Core.Resolving.InstanceLookup.Execute()
   在 Autofac.Core.Resolving.ResolveOperation.GetOrCreateInstance(ISharingLifetimeScope currentOperationScope, IComponentRegistration registration, IEnumerable`1 parameters)
   在 Autofac.Core.Resolving.InstanceLookup.ResolveComponent(IComponentRegistration registration, IEnumerable`1 parameters)
   在 Autofac.Core.Activators.Reflection.AutowiringParameter.<>c__DisplayClass2.<CanSupplyValue>b__0()
   在 Autofac.Core.Activators.Reflection.ConstructorParameterBinding.Instantiate()
   在 Autofac.Core.Activators.Reflection.ReflectionActivator.ActivateInstance(IComponentContext context, IEnumerable`1 parameters)
   在 Autofac.Core.Resolving.InstanceLookup.Activate(IEnumerable`1 parameters)
   在 Autofac.Core.Resolving.InstanceLookup.<Execute>b__0()
   在 Autofac.Core.Lifetime.LifetimeScope.GetOrCreateAndShare(Guid id, Func`1 creator)
   在 Autofac.Core.Resolving.InstanceLookup.Execute()
   在 Autofac.Core.Resolving.ResolveOperation.GetOrCreateInstance(ISharingLifetimeScope currentOperationScope, IComponentRegistration registration, IEnumerable`1 parameters)
   在 Autofac.Core.Resolving.InstanceLookup.ResolveComponent(IComponentRegistration registration, IEnumerable`1 parameters)
   在 Autofac.ResolutionExtensions.TryResolveService(IComponentContext context, Service service, IEnumerable`1 parameters, Object& instance)
   在 Autofac.ResolutionExtensions.ResolveService(IComponentContext context, Service service, IEnumerable`1 parameters)
   在 Autofac.ResolutionExtensions.Resolve(IComponentContext context, Type serviceType, IEnumerable`1 parameters)
   在 Autofac.ResolutionExtensions.Resolve[TService](IComponentContext context, IEnumerable`1 parameters)
   在 Autofac.ResolutionExtensions.Resolve[TService](IComponentContext context)
   在 Augmentum.XGenos.Events.EventsRegistrationSource.<>c__DisplayClass1.<RegistrationsFor>b__0(IComponentContext ctx, IEnumerable`1 parameters) 位置 d:\Works\X.Genos\XGenos_0.0.0.1_upgrade_to_1.7\src\XGenos\Events\EventsRegistrationSource.cs:行号 38
   在 Autofac.Builder.RegistrationBuilder.<>c__DisplayClass1`1.<ForDelegate>b__0(IComponentContext c, IEnumerable`1 p)
   在 Autofac.Core.Activators.Delegate.DelegateActivator.ActivateInstance(IComponentContext context, IEnumerable`1 parameters)
   在 Autofac.Core.Resolving.InstanceLookup.Activate(IEnumerable`1 parameters)
   在 Autofac.Core.Resolving.InstanceLookup.Execute()
   在 Autofac.Core.Resolving.ResolveOperation.GetOrCreateInstance(ISharingLifetimeScope currentOperationScope, IComponentRegistration registration, IEnumerable`1 parameters)
   在 Autofac.Core.Resolving.InstanceLookup.ResolveComponent(IComponentRegistration registration, IEnumerable`1 parameters)
   在 Autofac.Core.Registration.ExternalRegistrySource.<>c__DisplayClass8.<RegistrationsFor>b__3(IComponentContext c, IEnumerable`1 p)
   在 Autofac.Core.Activators.Delegate.DelegateActivator.ActivateInstance(IComponentContext context, IEnumerable`1 parameters)
   在 Autofac.Core.Resolving.InstanceLookup.Activate(IEnumerable`1 parameters)
   在 Autofac.Core.Resolving.InstanceLookup.Execute()
   在 Autofac.Core.Resolving.ResolveOperation.GetOrCreateInstance(ISharingLifetimeScope currentOperationScope, IComponentRegistration registration, IEnumerable`1 parameters)
   在 Autofac.Core.Resolving.ResolveOperation.ResolveComponent(IComponentRegistration registration, IEnumerable`1 parameters)
   在 Autofac.Core.Resolving.ResolveOperation.Execute(IComponentRegistration registration, IEnumerable`1 parameters)
   在 Autofac.Core.Lifetime.LifetimeScope.ResolveComponent(IComponentRegistration registration, IEnumerable`1 parameters)
   在 Autofac.Features.OwnedInstances.OwnedInstanceRegistrationSource.<>c__DisplayClass2.<>c__DisplayClass4.<RegistrationsFor>b__1(IComponentContext c, IEnumerable`1 p)
   在 Autofac.Core.Activators.Delegate.DelegateActivator.ActivateInstance(IComponentContext context, IEnumerable`1 parameters)
   在 Autofac.Core.Resolving.InstanceLookup.Activate(IEnumerable`1 parameters)
   在 Autofac.Core.Resolving.InstanceLookup.Execute()
   在 Autofac.Core.Resolving.ResolveOperation.GetOrCreateInstance(ISharingLifetimeScope currentOperationScope, IComponentRegistration registration, IEnumerable`1 parameters)
   在 Autofac.Core.Resolving.ResolveOperation.ResolveComponent(IComponentRegistration registration, IEnumerable`1 parameters)
   在 Autofac.Core.Resolving.ResolveOperation.Execute(IComponentRegistration registration, IEnumerable`1 parameters)
   在 Autofac.Core.Lifetime.LifetimeScope.ResolveComponent(IComponentRegistration registration, IEnumerable`1 parameters)
   在 lambda_method(Closure )
   在 Augmentum.XGenos.Environment.DesktopDefaultXGenosShell.Activate() 位置 d:\Works\X.Genos\XGenos_0.0.0.1_upgrade_to_1.7\src\XGenos.Desktop\Environment\DefaultXGenosShell.cs:行号 23
   在 Augmentum.XGenos.Environment.DefaultXGenosHost.ActivateShell(ShellContext context) 位置 d:\Works\X.Genos\XGenos_0.0.0.1_upgrade_to_1.7\src\XGenos\Environment\DefaultXGenosHost.cs:行号 155
   在 Augmentum.XGenos.Environment.DefaultXGenosHost.CreateAndActivateShells() 位置 d:\Works\X.Genos\XGenos_0.0.0.1_upgrade_to_1.7\src\XGenos\Environment\DefaultXGenosHost.cs:行号 134
